 command line:
   ./HA_Adder_wave_isim_beh.exe
     -intstyle  ise
     -ipchost  localhost
     -ipcport  1051

Thu May 02 17:54:52 2013

Total Line Count : 44

 Elaboration time : 0 sec.

 Estimate current memory usage : 117.232 Meg. 

 Total Signals          : 8
 Total Nets             : 4
 Total Signal Drivers   : 4
 Total Blocks           : 7
 Total Primitive Blocks : 1
 Total Processes        : 4
 Total Traceable Variables  : 0
 Total Scalar Nets and Variables : 4
ntrace select -o on -m / -l this 
ntrace start 
isimrun 1000 ns 
Simulator is doing circuit initialization process.
Finished circuit initialization process.

 Simulation time 0.03125 sec.

 Estimate current memory usage : 123.523 Meg. 

Thu May 02 17:55:13 2013

