Release 9.2i - xst J.36
Copyright (c) 1995-2007 Xilinx, Inc.  All rights reserved.
--> Parameter TMPDIR set to ./xst/projnav.tmp
CPU : 0.00 / 0.22 s | Elapsed : 0.00 / 0.00 s
 
--> Parameter xsthdpdir set to ./xst
CPU : 0.00 / 0.22 s | Elapsed : 0.00 / 0.00 s
 
--> Reading design: MUX8x1.prj

TABLE OF CONTENTS
  1) Synthesis Options Summary
  2) HDL Compilation
  3) Design Hierarchy Analysis
  4) HDL Analysis
  5) HDL Synthesis
     5.1) HDL Synthesis Report
  6) Advanced HDL Synthesis
     6.1) Advanced HDL Synthesis Report
  7) Low Level Synthesis
  8) Partition Report
  9) Final Report

=========================================================================
*                      Synthesis Options Summary                        *
=========================================================================
---- Source Parameters
Input File Name                    : "MUX8x1.prj"
Input Format                       : mixed
Ignore Synthesis Constraint File   : NO

---- Target Parameters
Output File Name                   : "MUX8x1"
Output Format                      : NGC
Target Device                      : Automotive 9500XL

---- Source Options
Top Module Name                    : MUX8x1
Automatic FSM Extraction           : YES
FSM Encoding Algorithm             : Auto
Safe Implementation                : No
Mux Extraction                     : YES
Resource Sharing                   : YES

---- Target Options
Add IO Buffers                     : YES
MACRO Preserve                     : YES
XOR Preserve                       : YES
Equivalent register Removal        : YES

---- General Options
Optimization Goal                  : Speed
Optimization Effort                : 1
Library Search Order               : MUX8x1.lso
Keep Hierarchy                     : YES
RTL Output                         : Yes
Hierarchy Separator                : /
Bus Delimiter                      : <>
Case Specifier                     : maintain
Verilog 2001                       : YES

---- Other Options
Clock Enable                       : YES
wysiwyg                            : NO

=========================================================================


=========================================================================
*                          HDL Compilation                              *
=========================================================================
Compiling vhdl file "D:/Aalok/Xilinx/MUX8x1/MUX8x1.vhd" in Library work.
Entity <mux8x1> compiled.
ERROR:HDLParsers:3312 - "D:/Aalok/Xilinx/MUX8x1/MUX8x1.vhd" Line 52. Undefined symbol 'a'.
ERROR:HDLParsers:1209 - "D:/Aalok/Xilinx/MUX8x1/MUX8x1.vhd" Line 52. a: Undefined symbol (last report in this block)
ERROR:HDLParsers:3312 - "D:/Aalok/Xilinx/MUX8x1/MUX8x1.vhd" Line 52. Undefined symbol 'b'.
ERROR:HDLParsers:1209 - "D:/Aalok/Xilinx/MUX8x1/MUX8x1.vhd" Line 52. b: Undefined symbol (last report in this block)
ERROR:HDLParsers:3312 - "D:/Aalok/Xilinx/MUX8x1/MUX8x1.vhd" Line 52. Undefined symbol 'c'.
ERROR:HDLParsers:1209 - "D:/Aalok/Xilinx/MUX8x1/MUX8x1.vhd" Line 52. c: Undefined symbol (last report in this block)
ERROR:HDLParsers:3324 - "D:/Aalok/Xilinx/MUX8x1/MUX8x1.vhd" Line 52. IN mode Formal a of mux2x1 with no default value must be associated with an actual value.
ERROR:HDLParsers:3324 - "D:/Aalok/Xilinx/MUX8x1/MUX8x1.vhd" Line 53. IN mode Formal a of mux4x1 with no default value must be associated with an actual value.
--> 

Total memory usage is 113760 kilobytes

Number of errors   :    8 (   0 filtered)
Number of warnings :    0 (   0 filtered)
Number of infos    :    0 (   0 filtered)

