 command line:
   ./wav_isim_beh.exe
     -intstyle  ise
     -ipchost  localhost
     -ipcport  1063

Thu Apr 04 17:18:14 2013

Total Line Count : 40

 Elaboration time : 0.015625 sec.

 Estimate current memory usage : 117.228 Meg. 

 Total Signals          : 6
 Total Nets             : 7
 Total Signal Drivers   : 3
 Total Blocks           : 7
 Total Primitive Blocks : 1
 Total Processes        : 2
 Total Traceable Variables  : 0
 Total Scalar Nets and Variables : 7
ntrace select -o on -m / -l this 
ntrace start 
isimrun 1000 ns 
Simulator is doing circuit initialization process.
Finished circuit initialization process.

 Simulation time 0.0625 sec.

 Estimate current memory usage : 123.519 Meg. 

Thu Apr 04 17:18:33 2013

