 command line:
   ./wave_isim_beh.exe
     -intstyle  ise
     -ipchost  localhost
     -ipcport  1090

Thu Apr 04 17:52:08 2013

Total Line Count : 48

 Elaboration time : 0.015625 sec.

 Estimate current memory usage : 117.232 Meg. 

 Total Signals          : 6
 Total Nets             : 12
 Total Signal Drivers   : 3
 Total Blocks           : 7
 Total Primitive Blocks : 1
 Total Processes        : 3
 Total Traceable Variables  : 0
 Total Scalar Nets and Variables : 12
ntrace select -o on -n /wave/i 
ntrace select -o on -n /wave/o 
ntrace select -o on -n /wave/s 
ntrace start 
isimrun 1000 ns 
Simulator is doing circuit initialization process.
Finished circuit initialization process.

 Simulation time 0.0625 sec.

 Estimate current memory usage : 123.523 Meg. 

Thu Apr 04 17:52:25 2013

