 command line:
   ./FA_Structure_wave_isim_beh.exe
     -intstyle  ise
     -ipchost  localhost
     -ipcport  1067

Thu May 02 18:25:12 2013

Total Line Count : 87

 Elaboration time : 0 sec.

 Estimate current memory usage : 117.236 Meg. 

 Total Signals          : 24
 Total Nets             : 8
 Total Signal Drivers   : 8
 Total Blocks           : 10
 Total Primitive Blocks : 3
 Total Processes        : 7
 Total Traceable Variables  : 0
 Total Scalar Nets and Variables : 8
ntrace select -o on -m / -l this 
ntrace start 
isimrun 1000 ns 
Simulator is doing circuit initialization process.
Finished circuit initialization process.

 Simulation time 0.03125 sec.

 Estimate current memory usage : 125.624 Meg. 

Thu May 02 18:25:31 2013

